[debug] [2022-09-28T19:58:02.569Z] ----------------------------------------------------------------------
[debug] [2022-09-28T19:58:02.573Z] Command:       C:\Program Files\nodejs\node.exe C:\Users\hp\AppData\Roaming\npm\node_modules\firebase-tools\lib\bin\firebase.js init
[debug] [2022-09-28T19:58:02.574Z] CLI Version:   11.11.0
[debug] [2022-09-28T19:58:02.574Z] Platform:      win32
[debug] [2022-09-28T19:58:02.575Z] Node Version:  v16.13.2
[debug] [2022-09-28T19:58:02.578Z] Time:          Wed Sep 28 2022 21:58:02 GMT+0200 (Central European Summer Time)
[debug] [2022-09-28T19:58:02.579Z] ----------------------------------------------------------------------
[debug] 
[debug] [2022-09-28T19:58:02.603Z] > command requires scopes: ["email","openid","https://www.googleapis.com/auth/cloudplatformprojects.readonly","https://www.googleapis.com/auth/firebase","https://www.googleapis.com/auth/cloud-platform"]
[debug] [2022-09-28T19:58:02.604Z] > authorizing via signed-in user (abdelhadiagourzam@gmail.com)
[info] 
     ######## #### ########  ######## ########     ###     ######  ########
     ##        ##  ##     ## ##       ##     ##  ##   ##  ##       ##
     ######    ##  ########  ######   ########  #########  ######  ######
     ##        ##  ##    ##  ##       ##     ## ##     ##       ## ##
     ##       #### ##     ## ######## ########  ##     ##  ######  ########

You're about to initialize a Firebase project in this directory:

  C:\Users\hp\Desktop\chat

[debug] [2022-09-28T20:01:10.529Z] Error: kill ENOSYS
    at process.kill (node:internal/process/per_thread:215:13)
    at process.listener (C:\Users\hp\AppData\Roaming\npm\node_modules\firebase-tools\node_modules\signal-exit\index.js:95:15)
    at process.emit (node:events:390:28)
[error] 
[error] Error: An unexpected error has occurred.
